Using pre-set license
Built from '2020.3/staging' branch; Version is '2020.3.6f1 (338bb68529b2) revision 3378102'; Using compiler version '192528614'; Build Type 'Release'
OS: 'Windows 10 Pro; OS build 19041.928; Version 2004; 64bit' Language: 'pt' Physical Memory: 12159 MB
BatchMode: 1, IsHumanControllingUs: 0, StartBugReporterOnCrash: 0, Is64bit: 1, IsPro: 0

 COMMAND LINE ARGUMENTS:
F:\Unity Hub\2020.3.6f1\Editor\Unity.exe
-adb2
-batchMode
-noUpm
-name
AssetImportWorker0
-projectPath
F:/faculdade/jogo/pong
-logFile
Logs/AssetImportWorker0.log
-srvPort
49200
Successfully changed project path to: F:/faculdade/jogo/pong
F:/faculdade/jogo/pong
Using Asset Import Pipeline V2.
Refreshing native plugins compatible for Editor in 41.08 ms, found 0 plugins.
Preloading 0 native plugins for Editor in 0.00 ms.
Initialize engine version: 2020.3.6f1 (338bb68529b2)
[Subsystems] Discovering subsystems at path F:/Unity Hub/2020.3.6f1/Editor/Data/Resources/UnitySubsystems
[Subsystems] Discovering subsystems at path F:/faculdade/jogo/pong/Assets
GfxDevice: creating device client; threaded=0
Direct3D:
    Version:  Direct3D 11.0 [level 11.0]
    Renderer: NVIDIA GeForce GTX 750 Ti (ID=0x1380)
    Vendor:   
    VRAM:     2007 MB
    Driver:   27.21.14.6109
Initialize mono
Mono path[0] = 'F:/Unity Hub/2020.3.6f1/Editor/Data/Managed'
Mono path[1] = 'F:/Unity Hub/2020.3.6f1/Editor/Data/MonoBleedingEdge/lib/mono/unityjit'
Mono config path = 'F:/Unity Hub/2020.3.6f1/Editor/Data/MonoBleedingEdge/etc'
Using monoOptions --debugger-agent=transport=dt_socket,embedding=1,server=y,suspend=n,address=127.0.0.1:56624
Begin MonoManager ReloadAssembly
Registering precompiled unity dll's ...
Register platform support module: F:/Unity Hub/2020.3.6f1/Editor/Data/PlaybackEngines/WindowsStandaloneSupport/UnityEditor.WindowsStandalone.Extensions.dll
Registered in 0.001417 seconds.
Native extension for WindowsStandalone target not found
Refreshing native plugins compatible for Editor in 27.72 ms, found 0 plugins.
Preloading 0 native plugins for Editor in 0.00 ms.
Mono: successfully reloaded assembly
- Completed reload, in  2.172 seconds
Platform modules already initialized, skipping
Registering precompiled user dll's ...
Registered in 0.000801 seconds.
Begin MonoManager ReloadAssembly
Native extension for WindowsStandalone target not found
Refreshing native plugins compatible for Editor in 0.24 ms, found 0 plugins.
Preloading 0 native plugins for Editor in 0.00 ms.
Mono: successfully reloaded assembly
- Completed reload, in  1.420 seconds
Platform modules already initialized, skipping
========================================================================
Worker process is ready to serve import requests
Launched and connected shader compiler UnityShaderCompiler.exe after 0.07 seconds
Refreshing native plugins compatible for Editor in 0.38 ms, found 0 plugins.
Preloading 0 native plugins for Editor in 0.00 ms.
Unloading 1114 Unused Serialized files (Serialized files now loaded: 0)
System memory in use before: 57.0 MB.
System memory in use after: 57.1 MB.

Unloading 9 unused Assets to reduce memory usage. Loaded Objects now: 1557.
Total: 3.744000 ms (FindLiveObjects: 1.045400 ms CreateObjectMapping: 0.208200 ms MarkObjects: 2.417000 ms  DeleteObjects: 0.071400 ms)

========================================================================
Received Import Request.
  path: Assets
  artifactKey: Guid(00000000000000001000000000000000) Importer(815301076,1909f56bfc062723c751e8b465ee728b)
Start importing Assets using Guid(00000000000000001000000000000000) Importer(815301076,1909f56bfc062723c751e8b465ee728b)  -> (artifact id: '2c602d4445bd9e0e517b9a7c882a2249') in 0.039261 seconds
  Import took 0.042653 seconds .

========================================================================
Received Import Request.
  Time since last request: 5.783908 seconds.
  path: Assets/Fisica bola.physicMaterial
  artifactKey: Guid(ae4e30a8f84a041418524203b929d8b1) Importer(815301076,1909f56bfc062723c751e8b465ee728b)
Start importing Assets/Fisica bola.physicMaterial using Guid(ae4e30a8f84a041418524203b929d8b1) Importer(815301076,1909f56bfc062723c751e8b465ee728b)  -> (artifact id: 'f5cf52f63327b59543265f95529d7665') in 0.105541 seconds
  Import took 0.108716 seconds .

========================================================================
Received Import Request.
  Time since last request: 205.394832 seconds.
  path: Assets/Bola.cs
  artifactKey: Guid(a651046a890288046b59f5cb595840ba) Importer(815301076,1909f56bfc062723c751e8b465ee728b)
Start importing Assets/Bola.cs using Guid(a651046a890288046b59f5cb595840ba) Importer(815301076,1909f56bfc062723c751e8b465ee728b)  -> (artifact id: '96907ed346760ec9a739c43e36938f89') in 0.098940 seconds
  Import took 0.101894 seconds .

========================================================================
Received Prepare
Registering precompiled user dll's ...
Registered in 0.000781 seconds.
Begin MonoManager ReloadAssembly
Native extension for WindowsStandalone target not found
Refreshing native plugins compatible for Editor in 0.22 ms, found 0 plugins.
Preloading 0 native plugins for Editor in 0.00 ms.
Mono: successfully reloaded assembly
- Completed reload, in  0.972 seconds
Platform modules already initialized, skipping
Refreshing native plugins compatible for Editor in 0.22 ms, found 0 plugins.
Preloading 0 native plugins for Editor in 0.00 ms.
Unloading 1110 Unused Serialized files (Serialized files now loaded: 0)
System memory in use before: 57.0 MB.
System memory in use after: 57.1 MB.

Unloading 4 unused Assets to reduce memory usage. Loaded Objects now: 1561.
Total: 1.856600 ms (FindLiveObjects: 0.136200 ms CreateObjectMapping: 0.039800 ms MarkObjects: 1.662600 ms  DeleteObjects: 0.016500 ms)

========================================================================
Received Prepare
Registering precompiled user dll's ...
Registered in 0.001029 seconds.
Begin MonoManager ReloadAssembly
Native extension for WindowsStandalone target not found
Refreshing native plugins compatible for Editor in 0.23 ms, found 0 plugins.
Preloading 0 native plugins for Editor in 0.00 ms.
Mono: successfully reloaded assembly
- Completed reload, in  1.030 seconds
Platform modules already initialized, skipping
Refreshing native plugins compatible for Editor in 0.22 ms, found 0 plugins.
Preloading 0 native plugins for Editor in 0.00 ms.
Unloading 1110 Unused Serialized files (Serialized files now loaded: 0)
System memory in use before: 57.0 MB.
System memory in use after: 57.1 MB.

Unloading 4 unused Assets to reduce memory usage. Loaded Objects now: 1564.
Total: 1.793000 ms (FindLiveObjects: 0.134000 ms CreateObjectMapping: 0.073500 ms MarkObjects: 1.567700 ms  DeleteObjects: 0.015800 ms)

========================================================================
Received Prepare
Registering precompiled user dll's ...
Registered in 0.032211 seconds.
Begin MonoManager ReloadAssembly
Native extension for WindowsStandalone target not found
Refreshing native plugins compatible for Editor in 0.23 ms, found 0 plugins.
Preloading 0 native plugins for Editor in 0.00 ms.
Mono: successfully reloaded assembly
- Completed reload, in  1.867 seconds
Platform modules already initialized, skipping
Refreshing native plugins compatible for Editor in 0.25 ms, found 0 plugins.
Preloading 0 native plugins for Editor in 0.00 ms.
Unloading 1111 Unused Serialized files (Serialized files now loaded: 0)
System memory in use before: 57.1 MB.
System memory in use after: 57.1 MB.

Unloading 4 unused Assets to reduce memory usage. Loaded Objects now: 1568.
Total: 4.621300 ms (FindLiveObjects: 0.980900 ms CreateObjectMapping: 0.199900 ms MarkObjects: 3.408300 ms  DeleteObjects: 0.029200 ms)

========================================================================
Received Import Request.
  Time since last request: 328.394300 seconds.
  path: Assets/NewBehaviourScript.cs
  artifactKey: Guid(94a4e96296c8fff4d812558e4d1cebcf) Importer(815301076,1909f56bfc062723c751e8b465ee728b)
Start importing Assets/NewBehaviourScript.cs using Guid(94a4e96296c8fff4d812558e4d1cebcf) Importer(815301076,1909f56bfc062723c751e8b465ee728b)  -> (artifact id: 'f05a9333abcecfca700f70c24236cb48') in 0.052541 seconds
  Import took 0.056881 seconds .

========================================================================
Received Import Request.
  Time since last request: 0.485145 seconds.
  path: Assets/NewBehaviourScript.cs
  artifactKey: Guid(94a4e96296c8fff4d812558e4d1cebcf) Importer(815301076,1909f56bfc062723c751e8b465ee728b)
Start importing Assets/NewBehaviourScript.cs using Guid(94a4e96296c8fff4d812558e4d1cebcf) Importer(815301076,1909f56bfc062723c751e8b465ee728b)  -> (artifact id: 'f05a9333abcecfca700f70c24236cb48') in 0.031061 seconds
  Import took 0.035229 seconds .

========================================================================
Received Prepare
Registering precompiled user dll's ...
Registered in 0.005032 seconds.
Begin MonoManager ReloadAssembly
Native extension for WindowsStandalone target not found
Refreshing native plugins compatible for Editor in 0.23 ms, found 0 plugins.
Preloading 0 native plugins for Editor in 0.00 ms.
Mono: successfully reloaded assembly
- Completed reload, in  0.959 seconds
Platform modules already initialized, skipping
Refreshing native plugins compatible for Editor in 0.22 ms, found 0 plugins.
Preloading 0 native plugins for Editor in 0.00 ms.
Unloading 1110 Unused Serialized files (Serialized files now loaded: 0)
System memory in use before: 57.0 MB.
System memory in use after: 57.1 MB.

Unloading 4 unused Assets to reduce memory usage. Loaded Objects now: 1571.
Total: 1.720000 ms (FindLiveObjects: 0.162500 ms CreateObjectMapping: 0.040500 ms MarkObjects: 1.498100 ms  DeleteObjects: 0.017200 ms)

========================================================================
Received Import Request.
  Time since last request: 29.631988 seconds.
  path: Assets/Plataforma.cs
  artifactKey: Guid(4e97556cab412e742b8c5805df13dd5e) Importer(815301076,1909f56bfc062723c751e8b465ee728b)
Start importing Assets/Plataforma.cs using Guid(4e97556cab412e742b8c5805df13dd5e) Importer(815301076,1909f56bfc062723c751e8b465ee728b)  -> (artifact id: '4ddf8139ba23f0958714c25f49b606cf') in 0.059295 seconds
  Import took 0.062356 seconds .

========================================================================
Received Prepare
Registering precompiled user dll's ...
Registered in 0.001049 seconds.
Begin MonoManager ReloadAssembly
Native extension for WindowsStandalone target not found
Refreshing native plugins compatible for Editor in 0.23 ms, found 0 plugins.
Preloading 0 native plugins for Editor in 0.00 ms.
Mono: successfully reloaded assembly
- Completed reload, in  1.003 seconds
Platform modules already initialized, skipping
Refreshing native plugins compatible for Editor in 0.22 ms, found 0 plugins.
Preloading 0 native plugins for Editor in 0.00 ms.
Unloading 1111 Unused Serialized files (Serialized files now loaded: 0)
System memory in use before: 57.1 MB.
System memory in use after: 57.2 MB.

Unloading 4 unused Assets to reduce memory usage. Loaded Objects now: 1575.
Total: 1.973800 ms (FindLiveObjects: 0.128900 ms CreateObjectMapping: 0.037600 ms MarkObjects: 1.784300 ms  DeleteObjects: 0.021600 ms)

========================================================================
Received Prepare
Registering precompiled user dll's ...
Registered in 0.001432 seconds.
Begin MonoManager ReloadAssembly
Native extension for WindowsStandalone target not found
Refreshing native plugins compatible for Editor in 0.30 ms, found 0 plugins.
Preloading 0 native plugins for Editor in 0.00 ms.
Mono: successfully reloaded assembly
- Completed reload, in  1.343 seconds
Platform modules already initialized, skipping
Refreshing native plugins compatible for Editor in 0.25 ms, found 0 plugins.
Preloading 0 native plugins for Editor in 0.00 ms.
Unloading 1111 Unused Serialized files (Serialized files now loaded: 0)
System memory in use before: 57.1 MB.
System memory in use after: 57.2 MB.

Unloading 4 unused Assets to reduce memory usage. Loaded Objects now: 1578.
Total: 1.888900 ms (FindLiveObjects: 0.216100 ms CreateObjectMapping: 0.056900 ms MarkObjects: 1.599000 ms  DeleteObjects: 0.014900 ms)

========================================================================
Received Import Request.
  Time since last request: 214.957581 seconds.
  path: Assets/Plataforma.cs
  artifactKey: Guid(4e97556cab412e742b8c5805df13dd5e) Importer(815301076,1909f56bfc062723c751e8b465ee728b)
Start importing Assets/Plataforma.cs using Guid(4e97556cab412e742b8c5805df13dd5e) Importer(815301076,1909f56bfc062723c751e8b465ee728b)  -> (artifact id: '8e7c7423d4161d0e0c301bb1f50dea98') in 0.010512 seconds
  Import took 0.017507 seconds .

========================================================================
Received Prepare
Registering precompiled user dll's ...
Registered in 0.001457 seconds.
Begin MonoManager ReloadAssembly
Native extension for WindowsStandalone target not found
Refreshing native plugins compatible for Editor in 1.24 ms, found 0 plugins.
Preloading 0 native plugins for Editor in 0.00 ms.
Mono: successfully reloaded assembly
- Completed reload, in  1.542 seconds
Platform modules already initialized, skipping
Refreshing native plugins compatible for Editor in 0.30 ms, found 0 plugins.
Preloading 0 native plugins for Editor in 0.00 ms.
Unloading 1111 Unused Serialized files (Serialized files now loaded: 0)
System memory in use before: 57.1 MB.
System memory in use after: 57.2 MB.

Unloading 4 unused Assets to reduce memory usage. Loaded Objects now: 1581.
Total: 4.231500 ms (FindLiveObjects: 0.236300 ms CreateObjectMapping: 0.388700 ms MarkObjects: 3.587300 ms  DeleteObjects: 0.017500 ms)

========================================================================
Received Prepare
Registering precompiled user dll's ...
Registered in 0.001144 seconds.
Begin MonoManager ReloadAssembly
Native extension for WindowsStandalone target not found
Refreshing native plugins compatible for Editor in 0.22 ms, found 0 plugins.
Preloading 0 native plugins for Editor in 0.00 ms.
Mono: successfully reloaded assembly
- Completed reload, in  0.912 seconds
Platform modules already initialized, skipping
Refreshing native plugins compatible for Editor in 0.26 ms, found 0 plugins.
Preloading 0 native plugins for Editor in 0.00 ms.
Unloading 1111 Unused Serialized files (Serialized files now loaded: 0)
System memory in use before: 57.1 MB.
System memory in use after: 57.2 MB.

Unloading 4 unused Assets to reduce memory usage. Loaded Objects now: 1584.
Total: 1.611600 ms (FindLiveObjects: 0.163400 ms CreateObjectMapping: 0.039900 ms MarkObjects: 1.391700 ms  DeleteObjects: 0.015500 ms)

========================================================================
Received Prepare
Registering precompiled user dll's ...
Registered in 0.000902 seconds.
Begin MonoManager ReloadAssembly
Native extension for WindowsStandalone target not found
Refreshing native plugins compatible for Editor in 0.24 ms, found 0 plugins.
Preloading 0 native plugins for Editor in 0.00 ms.
Mono: successfully reloaded assembly
- Completed reload, in  1.355 seconds
Platform modules already initialized, skipping
Refreshing native plugins compatible for Editor in 0.24 ms, found 0 plugins.
Preloading 0 native plugins for Editor in 0.00 ms.
Unloading 1111 Unused Serialized files (Serialized files now loaded: 0)
System memory in use before: 57.1 MB.
System memory in use after: 57.2 MB.

Unloading 4 unused Assets to reduce memory usage. Loaded Objects now: 1587.
Total: 1.807500 ms (FindLiveObjects: 0.167600 ms CreateObjectMapping: 0.038700 ms MarkObjects: 1.584800 ms  DeleteObjects: 0.014600 ms)

========================================================================
Received Prepare
Registering precompiled user dll's ...
Registered in 0.000804 seconds.
Begin MonoManager ReloadAssembly
Native extension for WindowsStandalone target not found
Refreshing native plugins compatible for Editor in 0.23 ms, found 0 plugins.
Preloading 0 native plugins for Editor in 0.00 ms.
Mono: successfully reloaded assembly
- Completed reload, in  0.904 seconds
Platform modules already initialized, skipping
Refreshing native plugins compatible for Editor in 0.23 ms, found 0 plugins.
Preloading 0 native plugins for Editor in 0.00 ms.
Unloading 1111 Unused Serialized files (Serialized files now loaded: 0)
System memory in use before: 57.1 MB.
System memory in use after: 57.2 MB.

Unloading 4 unused Assets to reduce memory usage. Loaded Objects now: 1590.
Total: 1.777000 ms (FindLiveObjects: 0.146000 ms CreateObjectMapping: 0.040900 ms MarkObjects: 1.568600 ms  DeleteObjects: 0.019900 ms)

========================================================================
Received Prepare
Registering precompiled user dll's ...
Registered in 0.000872 seconds.
Begin MonoManager ReloadAssembly
Native extension for WindowsStandalone target not found
Refreshing native plugins compatible for Editor in 0.55 ms, found 0 plugins.
Preloading 0 native plugins for Editor in 0.00 ms.
Mono: successfully reloaded assembly
- Completed reload, in  1.290 seconds
Platform modules already initialized, skipping
Refreshing native plugins compatible for Editor in 0.24 ms, found 0 plugins.
Preloading 0 native plugins for Editor in 0.00 ms.
Unloading 1111 Unused Serialized files (Serialized files now loaded: 0)
System memory in use before: 57.1 MB.
System memory in use after: 57.2 MB.

Unloading 4 unused Assets to reduce memory usage. Loaded Objects now: 1593.
Total: 9.034300 ms (FindLiveObjects: 0.142800 ms CreateObjectMapping: 0.041200 ms MarkObjects: 8.823600 ms  DeleteObjects: 0.024800 ms)

========================================================================
Received Import Request.
  Time since last request: 1372.502771 seconds.
  path: Assets/New Material.mat
  artifactKey: Guid(975d7c74787756543b968227f53c6dc9) Importer(815301076,1909f56bfc062723c751e8b465ee728b)
Start importing Assets/New Material.mat using Guid(975d7c74787756543b968227f53c6dc9) Importer(815301076,1909f56bfc062723c751e8b465ee728b)  -> (artifact id: 'f5a4cf4eb7a2937ac24f2f3cc03cda24') in 0.322987 seconds
  Import took 0.326765 seconds .

========================================================================
Received Import Request.
  Time since last request: 99.007903 seconds.
  path: Assets/bola.mat
  artifactKey: Guid(d64a3f407958cbd478603f9e58f34528) Importer(815301076,1909f56bfc062723c751e8b465ee728b)
Start importing Assets/bola.mat using Guid(d64a3f407958cbd478603f9e58f34528) Importer(815301076,1909f56bfc062723c751e8b465ee728b)  -> (artifact id: '251b2dc7f8f7eab30297e1d103e65205') in 0.051144 seconds
  Import took 0.055014 seconds .

========================================================================
Received Prepare
Registering precompiled user dll's ...
Registered in 0.000838 seconds.
Begin MonoManager ReloadAssembly
Native extension for WindowsStandalone target not found
Refreshing native plugins compatible for Editor in 0.34 ms, found 0 plugins.
Preloading 0 native plugins for Editor in 0.00 ms.
Mono: successfully reloaded assembly
- Completed reload, in  1.040 seconds
Platform modules already initialized, skipping
Refreshing native plugins compatible for Editor in 0.35 ms, found 0 plugins.
Preloading 0 native plugins for Editor in 0.00 ms.
Unloading 1111 Unused Serialized files (Serialized files now loaded: 0)
System memory in use before: 60.4 MB.
System memory in use after: 60.5 MB.

Unloading 4 unused Assets to reduce memory usage. Loaded Objects now: 1636.
Total: 1.976100 ms (FindLiveObjects: 0.184900 ms CreateObjectMapping: 0.080500 ms MarkObjects: 1.692600 ms  DeleteObjects: 0.016600 ms)

========================================================================
Received Prepare
Registering precompiled user dll's ...
Registered in 0.001376 seconds.
Begin MonoManager ReloadAssembly
Native extension for WindowsStandalone target not found
Refreshing native plugins compatible for Editor in 0.30 ms, found 0 plugins.
Preloading 0 native plugins for Editor in 0.00 ms.
Mono: successfully reloaded assembly
- Completed reload, in  1.197 seconds
Platform modules already initialized, skipping
Refreshing native plugins compatible for Editor in 0.23 ms, found 0 plugins.
Preloading 0 native plugins for Editor in 0.00 ms.
Unloading 1111 Unused Serialized files (Serialized files now loaded: 0)
System memory in use before: 60.4 MB.
System memory in use after: 60.5 MB.

Unloading 4 unused Assets to reduce memory usage. Loaded Objects now: 1639.
Total: 3.685700 ms (FindLiveObjects: 0.230000 ms CreateObjectMapping: 0.056900 ms MarkObjects: 3.379900 ms  DeleteObjects: 0.017100 ms)

========================================================================
Received Prepare
Registering precompiled user dll's ...
Registered in 0.000850 seconds.
Begin MonoManager ReloadAssembly
Native extension for WindowsStandalone target not found
Refreshing native plugins compatible for Editor in 0.23 ms, found 0 plugins.
Preloading 0 native plugins for Editor in 0.00 ms.
Mono: successfully reloaded assembly
- Completed reload, in  1.378 seconds
Platform modules already initialized, skipping
Refreshing native plugins compatible for Editor in 6.36 ms, found 0 plugins.
Preloading 0 native plugins for Editor in 0.00 ms.
Unloading 1111 Unused Serialized files (Serialized files now loaded: 0)
System memory in use before: 60.4 MB.
System memory in use after: 60.5 MB.

Unloading 4 unused Assets to reduce memory usage. Loaded Objects now: 1642.
Total: 1.919600 ms (FindLiveObjects: 0.148300 ms CreateObjectMapping: 0.044300 ms MarkObjects: 1.703800 ms  DeleteObjects: 0.021100 ms)

========================================================================
Received Import Request.
  Time since last request: 249.419342 seconds.
  path: Assets/backgrond.mat
  artifactKey: Guid(975d7c74787756543b968227f53c6dc9) Importer(815301076,1909f56bfc062723c751e8b465ee728b)
Start importing Assets/backgrond.mat using Guid(975d7c74787756543b968227f53c6dc9) Importer(815301076,1909f56bfc062723c751e8b465ee728b)  -> (artifact id: '8ca68d1574626fd0fde9bbd306ffa2a8') in 0.096376 seconds
  Import took 0.104136 seconds .

========================================================================
Received Import Request.
  Time since last request: 0.000242 seconds.
  path: Assets/Fisica bola.physicMaterial
  artifactKey: Guid(ae4e30a8f84a041418524203b929d8b1) Importer(815301076,1909f56bfc062723c751e8b465ee728b)
Start importing Assets/Fisica bola.physicMaterial using Guid(ae4e30a8f84a041418524203b929d8b1) Importer(815301076,1909f56bfc062723c751e8b465ee728b)  -> (artifact id: 'a5892a62b10377b1a2d6a7bde627e27a') in 0.017432 seconds
  Import took 0.022110 seconds .

========================================================================
Received Import Request.
  Time since last request: 0.000220 seconds.
  path: Assets/bola.mat
  artifactKey: Guid(d64a3f407958cbd478603f9e58f34528) Importer(815301076,1909f56bfc062723c751e8b465ee728b)
Start importing Assets/bola.mat using Guid(d64a3f407958cbd478603f9e58f34528) Importer(815301076,1909f56bfc062723c751e8b465ee728b)  -> (artifact id: '14b2737ec707a0f0a1791635f6222933') in 0.032460 seconds
  Import took 0.036376 seconds .

AssetImportWorkerClient::OnTransportError - code=2 error=End of file
